Using pre-set license
Built from '2022.3/staging' branch; Version is '2022.3.7f1 (b16b3b16c7a0) revision 11627323'; Using compiler version '192829333'; Build Type 'Release'
OS: 'Windows 10  (10.0.19045) 64bit Professional' Language: 'ru' Physical Memory: 32604 MB
BatchMode: 1, IsHumanControllingUs: 0, StartBugReporterOnCrash: 0, Is64bit: 1, IsPro: 1

COMMAND LINE ARGUMENTS:
C:\Program Files\Unity\Hub\Editor\2022.3.7f1\Editor\Unity.exe
-adb2
-batchMode
-noUpm
-name
AssetImportWorker10
-projectPath
F:/ST/Unity project/For Pyitochnaya/Magic-Sorting
-logFile
Logs/AssetImportWorker10.log
-srvPort
56579
Successfully changed project path to: F:/ST/Unity project/For Pyitochnaya/Magic-Sorting
F:/ST/Unity project/For Pyitochnaya/Magic-Sorting
[UnityMemory] Configuration Parameters - Can be set up in boot.config
    "memorysetup-bucket-allocator-granularity=16"
    "memorysetup-bucket-allocator-bucket-count=8"
    "memorysetup-bucket-allocator-block-size=33554432"
    "memorysetup-bucket-allocator-block-count=8"
    "memorysetup-main-allocator-block-size=16777216"
    "memorysetup-thread-allocator-block-size=16777216"
    "memorysetup-gfx-main-allocator-block-size=16777216"
    "memorysetup-gfx-thread-allocator-block-size=16777216"
    "memorysetup-cache-allocator-block-size=4194304"
    "memorysetup-typetree-allocator-block-size=2097152"
    "memorysetup-profiler-bucket-allocator-granularity=16"
    "memorysetup-profiler-bucket-allocator-bucket-count=8"
    "memorysetup-profiler-bucket-allocator-block-size=33554432"
    "memorysetup-profiler-bucket-allocator-block-count=8"
    "memorysetup-profiler-allocator-block-size=16777216"
    "memorysetup-profiler-editor-allocator-block-size=1048576"
    "memorysetup-temp-allocator-size-main=16777216"
    "memorysetup-job-temp-allocator-block-size=2097152"
    "memorysetup-job-temp-allocator-block-size-background=1048576"
    "memorysetup-job-temp-allocator-reduction-small-platforms=262144"
    "memorysetup-allocator-temp-initial-block-size-main=262144"
    "memorysetup-allocator-temp-initial-block-size-worker=262144"
    "memorysetup-temp-allocator-size-background-worker=32768"
    "memorysetup-temp-allocator-size-job-worker=262144"
    "memorysetup-temp-allocator-size-preload-manager=33554432"
    "memorysetup-temp-allocator-size-nav-mesh-worker=65536"
    "memorysetup-temp-allocator-size-audio-worker=65536"
    "memorysetup-temp-allocator-size-cloud-worker=32768"
    "memorysetup-temp-allocator-size-gi-baking-worker=262144"
    "memorysetup-temp-allocator-size-gfx=262144"
Player connection [24176] Host "[IP] 192.168.3.16 [Port] 0 [Flags] 2 [Guid] 317596769 [EditorId] 317596769 [Version] 1048832 [Id] WindowsEditor(7,DESKTOP-MRAJI7N) [Debug] 1 [PackageName] WindowsEditor [ProjectName] Editor" joined multi-casting on [225.0.0.222:54997]...

Player connection [24176] Host "[IP] 192.168.3.16 [Port] 0 [Flags] 2 [Guid] 317596769 [EditorId] 317596769 [Version] 1048832 [Id] WindowsEditor(7,DESKTOP-MRAJI7N) [Debug] 1 [PackageName] WindowsEditor [ProjectName] Editor" joined alternative multi-casting on [225.0.0.222:34997]...

Refreshing native plugins compatible for Editor in 18.37 ms, found 3 plugins.
Preloading 0 native plugins for Editor in 0.00 ms.
Initialize engine version: 2022.3.7f1 (b16b3b16c7a0)
[Subsystems] Discovering subsystems at path C:/Program Files/Unity/Hub/Editor/2022.3.7f1/Editor/Data/Resources/UnitySubsystems
[Subsystems] Discovering subsystems at path F:/ST/Unity project/For Pyitochnaya/Magic-Sorting/Assets
GfxDevice: creating device client; threaded=0; jobified=0
Direct3D:
    Version:  Direct3D 11.0 [level 11.1]
    Renderer: NVIDIA GeForce GTX 1660 SUPER (ID=0x21c4)
    Vendor:   NVIDIA
    VRAM:     5966 MB
    Driver:   32.0.15.7283
Initialize mono
Mono path[0] = 'C:/Program Files/Unity/Hub/Editor/2022.3.7f1/Editor/Data/Managed'
Mono path[1] = 'C:/Program Files/Unity/Hub/Editor/2022.3.7f1/Editor/Data/MonoBleedingEdge/lib/mono/unityjit-win32'
Mono config path = 'C:/Program Files/Unity/Hub/Editor/2022.3.7f1/Editor/Data/MonoBleedingEdge/etc'
Using monoOptions --debugger-agent=transport=dt_socket,embedding=1,server=y,suspend=n,address=127.0.0.1:56172
Begin MonoManager ReloadAssembly
Registering precompiled unity dll's ...
Register platform support module: C:/Program Files/Unity/Hub/Editor/2022.3.7f1/Editor/Data/PlaybackEngines/WebGLSupport/UnityEditor.WebGL.Extensions.dll
Register platform support module: C:/Program Files/Unity/Hub/Editor/2022.3.7f1/Editor/Data/PlaybackEngines/AndroidPlayer/UnityEditor.Android.Extensions.dll
Register platform support module: C:/Program Files/Unity/Hub/Editor/2022.3.7f1/Editor/Data/PlaybackEngines/WindowsStandaloneSupport/UnityEditor.WindowsStandalone.Extensions.dll
Register platform support module: C:/Program Files/Unity/Hub/Editor/2022.3.7f1/Editor/Data/PlaybackEngines/MetroSupport/UnityEditor.UWP.Extensions.dll
Registered in 0.018154 seconds.
- Loaded All Assemblies, in  0.513 seconds
Native extension for UWP target not found
Native extension for WindowsStandalone target not found
Native extension for Android target not found
Android Extension - Scanning For ADB Devices 309 ms
Native extension for WebGL target not found
Mono: successfully reloaded assembly
- Finished resetting the current domain, in  0.733 seconds
Domain Reload Profiling: 1244ms
	BeginReloadAssembly (144ms)
		ExecutionOrderSort (0ms)
		DisableScriptedObjects (0ms)
		BackupInstance (0ms)
		ReleaseScriptingObjects (0ms)
		CreateAndSetChildDomain (1ms)
	RebuildCommonClasses (48ms)
	RebuildNativeTypeToScriptingClass (16ms)
	initialDomainReloadingComplete (90ms)
	LoadAllAssembliesAndSetupDomain (212ms)
		LoadAssemblies (144ms)
		RebuildTransferFunctionScriptingTraits (0ms)
		AnalyzeDomain (208ms)
			TypeCache.Refresh (206ms)
				TypeCache.ScanAssembly (187ms)
			ScanForSourceGeneratedMonoScriptInfo (1ms)
			ResolveRequiredComponents (1ms)
	FinalizeReload (734ms)
		ReleaseScriptCaches (0ms)
		RebuildScriptCaches (0ms)
		SetupLoadedEditorAssemblies (651ms)
			LogAssemblyErrors (0ms)
			InitializePlatformSupportModulesInManaged (459ms)
			SetLoadedEditorAssemblies (5ms)
			RefreshPlugins (0ms)
			BeforeProcessingInitializeOnLoad (3ms)
			ProcessInitializeOnLoadAttributes (127ms)
			ProcessInitializeOnLoadMethodAttributes (57ms)
			AfterProcessingInitializeOnLoad (0ms)
			EditorAssembliesLoaded (0ms)
		ExecutionOrderSort2 (0ms)
		AwakeInstancesAfterBackupRestoration (0ms)
========================================================================
Worker process is ready to serve import requests
Begin MonoManager ReloadAssembly
Symbol file LoadedFromMemory doesn't match image F:\ST\Unity project\For Pyitochnaya\Magic-Sorting\Library\PackageCache\com.unity.visualscripting@1.8.0\Editor\VisualScripting.Core\Dependencies\YamlDotNet\Unity.VisualScripting.YamlDotNet.dll
Symbol file LoadedFromMemory doesn't match image F:\ST\Unity project\For Pyitochnaya\Magic-Sorting\Library\PackageCache\com.unity.visualscripting@1.8.0\Editor\VisualScripting.Core\Dependencies\DotNetZip\Unity.VisualScripting.IonicZip.dll
- Loaded All Assemblies, in  0.903 seconds
Refreshing native plugins compatible for Editor in 8.86 ms, found 3 plugins.
Native extension for UWP target not found
Native extension for WindowsStandalone target not found
Native extension for Android target not found
Native extension for WebGL target not found
Mono: successfully reloaded assembly
Package Manager log level set to [2]
[Package Manager] Server::EnsureServerProcessIsRunning -- launch failed, reason: Unity was launched with the -noUpm command-line argument
[Package Manager] UpmClient::Send -- Unable to send message (not connected to UPM process).
[Package Manager] Cannot connect to Unity Package Manager local server
[Package Manager] Server::EnsureServerProcessIsRunning -- launch failed, reason: Unity was launched with the -noUpm command-line argument
[Package Manager] UpmClient::Send -- Unable to send message (not connected to UPM process).
[Package Manager] Cannot connect to Unity Package Manager local server
- Finished resetting the current domain, in  0.795 seconds
Domain Reload Profiling: 1697ms
	BeginReloadAssembly (219ms)
		ExecutionOrderSort (0ms)
		DisableScriptedObjects (9ms)
		BackupInstance (0ms)
		ReleaseScriptingObjects (0ms)
		CreateAndSetChildDomain (29ms)
	RebuildCommonClasses (49ms)
	RebuildNativeTypeToScriptingClass (25ms)
	initialDomainReloadingComplete (59ms)
	LoadAllAssembliesAndSetupDomain (549ms)
		LoadAssemblies (434ms)
		RebuildTransferFunctionScriptingTraits (0ms)
		AnalyzeDomain (246ms)
			TypeCache.Refresh (209ms)
				TypeCache.ScanAssembly (183ms)
			ScanForSourceGeneratedMonoScriptInfo (27ms)
			ResolveRequiredComponents (9ms)
	FinalizeReload (796ms)
		ReleaseScriptCaches (0ms)
		RebuildScriptCaches (0ms)
		SetupLoadedEditorAssemblies (574ms)
			LogAssemblyErrors (0ms)
			InitializePlatformSupportModulesInManaged (36ms)
			SetLoadedEditorAssemblies (4ms)
			RefreshPlugins (0ms)
			BeforeProcessingInitializeOnLoad (80ms)
			ProcessInitializeOnLoadAttributes (415ms)
			ProcessInitializeOnLoadMethodAttributes (28ms)
			AfterProcessingInitializeOnLoad (11ms)
			EditorAssembliesLoaded (0ms)
		ExecutionOrderSort2 (0ms)
		AwakeInstancesAfterBackupRestoration (9ms)
Launched and connected shader compiler UnityShaderCompiler.exe after 0.05 seconds
Refreshing native plugins compatible for Editor in 9.61 ms, found 3 plugins.
Preloading 0 native plugins for Editor in 0.00 ms.
Unloading 3839 Unused Serialized files (Serialized files now loaded: 0)
Unloading 50 unused Assets / (66.8 KB). Loaded Objects now: 4293.
Memory consumption went from 140.2 MB to 140.1 MB.
Total: 4.090500 ms (FindLiveObjects: 0.331300 ms CreateObjectMapping: 0.232000 ms MarkObjects: 3.382000 ms  DeleteObjects: 0.144300 ms)

AssetImportParameters requested are different than current active one (requested -> active):
  custom:container-demuxer-ogg: 62fdf1f143b41e24485cea50d1cbac27 -> 
  custom:video-decoder-ogg-theora: a1e56fd34408186e4bbccfd4996cb3dc -> 
  custom:framework-win-MediaFoundation: 216162199b28c13a410421893ffa2e32 -> 
  custom:CustomObjectIndexerAttribute: 756ad292c208cfabdd7b50bc23989ffe -> 
  custom:container-demuxer-webm: 4f35f7cbe854078d1ac9338744f61a02 -> 
  custom:container-muxer-webm: aa71ff27fc2769a1b78a27578f13a17b -> 
  custom:video-decoder-webm-vp8: 9c59270c3fd7afecdb556c50c9e8de78 -> 
  custom:SearchIndexIgnoredProperties: e643bd26f0fe6173181afceb89e7c659 -> 
  custom:AudioImporter_EditorPlatform: d09bf68614088b80899f8185d706f6e7 -> 
  custom:video-encoder-webm-vp8: eb34c28f22e8b96e1ab97ce403110664 -> 
  custom:audio-decoder-ogg-vorbis: bf7c407c2cedff20999df2af8eb42d56 -> 
  custom:audio-encoder-webm-vorbis: bf7c407c2cedff20999df2af8eb42d56 -> 
========================================================================
Received Import Request.
  Time since last request: 60554.962986 seconds.
  path: Assets/GPVFX_POTIONS PACK
  artifactKey: Guid(b5997adc3d4a81e4da7b8307d3118007) Importer(815301076,1909f56bfc062723c751e8b465ee728b)
Start importing Assets/GPVFX_POTIONS PACK using Guid(b5997adc3d4a81e4da7b8307d3118007) Importer(815301076,1909f56bfc062723c751e8b465ee728b)  -> (artifact id: '08f8d507693ec9884e090019c5684de6') in 0.002827 seconds
Number of updated asset objects reloaded before import = 0
Number of asset objects unloaded after import = 0
========================================================================
Received Import Request.
  Time since last request: 2.306246 seconds.
  path: Assets/GPVFX_POTIONS PACK/3D
  artifactKey: Guid(f78e1916df7de4d219af6479e2b8f6ab) Importer(815301076,1909f56bfc062723c751e8b465ee728b)
Start importing Assets/GPVFX_POTIONS PACK/3D using Guid(f78e1916df7de4d219af6479e2b8f6ab) Importer(815301076,1909f56bfc062723c751e8b465ee728b)  -> (artifact id: 'b256dc5837f1c42b2b66a2ccdcd12ca9') in 0.000769 seconds
Number of updated asset objects reloaded before import = 0
Number of asset objects unloaded after import = 0
========================================================================
Received Import Request.
  Time since last request: 1.154037 seconds.
  path: Assets/GPVFX_POTIONS PACK/3D/3D PREFABS
  artifactKey: Guid(dba14de0d83ad4de08e025086847a3a3) Importer(815301076,1909f56bfc062723c751e8b465ee728b)
Start importing Assets/GPVFX_POTIONS PACK/3D/3D PREFABS using Guid(dba14de0d83ad4de08e025086847a3a3) Importer(815301076,1909f56bfc062723c751e8b465ee728b)  -> (artifact id: 'be4dec0e661db6ad9857af444018c0ae') in 0.000728 seconds
Number of updated asset objects reloaded before import = 0
Number of asset objects unloaded after import = 0
========================================================================
Received Import Request.
  Time since last request: 0.069765 seconds.
  path: Assets/GPVFX_POTIONS PACK/3D/3D PREFABS/GPVFX_POTION A.prefab
  artifactKey: Guid(d027d4bce170c4abf8619a7d7980440e) Importer(815301076,1909f56bfc062723c751e8b465ee728b)
Start importing Assets/GPVFX_POTIONS PACK/3D/3D PREFABS/GPVFX_POTION A.prefab using Guid(d027d4bce170c4abf8619a7d7980440e) Importer(815301076,1909f56bfc062723c751e8b465ee728b)  -> (artifact id: 'e275f55cd4738a388e81f567f8ae8a04') in 0.729369 seconds
Number of updated asset objects reloaded before import = 0
Number of asset objects unloaded after import = 26
========================================================================
Received Import Request.
  Time since last request: 0.000021 seconds.
  path: Assets/GPVFX_POTIONS PACK/3D/3D PREFABS/GPVFX_POTION C.prefab
  artifactKey: Guid(f75e1608d9f1e4f06a5027de3c813b5d) Importer(815301076,1909f56bfc062723c751e8b465ee728b)
Start importing Assets/GPVFX_POTIONS PACK/3D/3D PREFABS/GPVFX_POTION C.prefab using Guid(f75e1608d9f1e4f06a5027de3c813b5d) Importer(815301076,1909f56bfc062723c751e8b465ee728b)  -> (artifact id: '7d124d32397788f949c1adbc39062445') in 0.023696 seconds
Number of updated asset objects reloaded before import = 0
Number of asset objects unloaded after import = 26
========================================================================
Received Import Request.
  Time since last request: 1.077177 seconds.
  path: Assets/GPVFX_POTIONS PACK/3D/POTIONS 3D_Materials
  artifactKey: Guid(ef152b01164fa475ba3d16d985627996) Importer(815301076,1909f56bfc062723c751e8b465ee728b)
Start importing Assets/GPVFX_POTIONS PACK/3D/POTIONS 3D_Materials using Guid(ef152b01164fa475ba3d16d985627996) Importer(815301076,1909f56bfc062723c751e8b465ee728b)  -> (artifact id: '813a29976f75bded73399e46985d38a7') in 0.000652 seconds
Number of updated asset objects reloaded before import = 0
Number of asset objects unloaded after import = 0
========================================================================
Received Import Request.
  Time since last request: 0.054354 seconds.
  path: Assets/GPVFX_POTIONS PACK/3D/POTIONS 3D_Materials/3d Potion A_Fill.mat
  artifactKey: Guid(c5d81214b2af0493082fef7a9ef0dca2) Importer(815301076,1909f56bfc062723c751e8b465ee728b)
Start importing Assets/GPVFX_POTIONS PACK/3D/POTIONS 3D_Materials/3d Potion A_Fill.mat using Guid(c5d81214b2af0493082fef7a9ef0dca2) Importer(815301076,1909f56bfc062723c751e8b465ee728b)  -> (artifact id: '48ccc50f9a66bff578b8823118c13d43') in 0.036871 seconds
Number of updated asset objects reloaded before import = 0
Number of asset objects unloaded after import = 2
========================================================================
Received Import Request.
  Time since last request: 0.000019 seconds.
  path: Assets/GPVFX_POTIONS PACK/3D/POTIONS 3D_Materials/Corks.mat
  artifactKey: Guid(889555b0db7a64beab5ddb92360b470d) Importer(815301076,1909f56bfc062723c751e8b465ee728b)
Start importing Assets/GPVFX_POTIONS PACK/3D/POTIONS 3D_Materials/Corks.mat using Guid(889555b0db7a64beab5ddb92360b470d) Importer(815301076,1909f56bfc062723c751e8b465ee728b)  -> (artifact id: 'a63b5485b20516c08f0e997667222a5d') in 0.017359 seconds
Number of updated asset objects reloaded before import = 0
Number of asset objects unloaded after import = 2
========================================================================
Received Import Request.
  Time since last request: 0.000023 seconds.
  path: Assets/GPVFX_POTIONS PACK/3D/POTIONS 3D_Materials/3d Potion D_Fill.mat
  artifactKey: Guid(edf176e77514c40e683150a038a10cc7) Importer(815301076,1909f56bfc062723c751e8b465ee728b)
Start importing Assets/GPVFX_POTIONS PACK/3D/POTIONS 3D_Materials/3d Potion D_Fill.mat using Guid(edf176e77514c40e683150a038a10cc7) Importer(815301076,1909f56bfc062723c751e8b465ee728b)  -> (artifact id: '8e7fa1cf84d710b7dbca36e857bdb492') in 0.016269 seconds
Number of updated asset objects reloaded before import = 0
Number of asset objects unloaded after import = 2
========================================================================
Received Import Request.
  Time since last request: 1.187396 seconds.
  path: Assets/GPVFX_POTIONS PACK/3D/POTIONS_Default
  artifactKey: Guid(1f5263075b071422bacaeff19ab21079) Importer(815301076,1909f56bfc062723c751e8b465ee728b)
Start importing Assets/GPVFX_POTIONS PACK/3D/POTIONS_Default using Guid(1f5263075b071422bacaeff19ab21079) Importer(815301076,1909f56bfc062723c751e8b465ee728b)  -> (artifact id: 'c3157a7a4e6cbe881f76cee10ff0ee15') in 0.000602 seconds
Number of updated asset objects reloaded before import = 0
Number of asset objects unloaded after import = 0
========================================================================
Received Import Request.
  Time since last request: 0.060291 seconds.
  path: Assets/GPVFX_POTIONS PACK/3D/POTIONS_Default/GPVFX_CORK.obj
  artifactKey: Guid(cd765151bc92846f29cd0a3da80270b6) Importer(815301076,1909f56bfc062723c751e8b465ee728b)
Start importing Assets/GPVFX_POTIONS PACK/3D/POTIONS_Default/GPVFX_CORK.obj using Guid(cd765151bc92846f29cd0a3da80270b6) Importer(815301076,1909f56bfc062723c751e8b465ee728b)  -> (artifact id: '1f5a26936e06df3e145420fa43f61c51') in 0.042288 seconds
Number of updated asset objects reloaded before import = 0
Number of asset objects unloaded after import = 9
========================================================================
Received Import Request.
  Time since last request: 0.000020 seconds.
  path: Assets/GPVFX_POTIONS PACK/3D/POTIONS_Default/GPVFX_POTION B.obj
  artifactKey: Guid(88f9810cdc36b466cb152006feafd25e) Importer(815301076,1909f56bfc062723c751e8b465ee728b)
Start importing Assets/GPVFX_POTIONS PACK/3D/POTIONS_Default/GPVFX_POTION B.obj using Guid(88f9810cdc36b466cb152006feafd25e) Importer(815301076,1909f56bfc062723c751e8b465ee728b)  -> (artifact id: '5c6a5efcb5c96f5b5130773aef827336') in 0.038018 seconds
Number of updated asset objects reloaded before import = 0
Number of asset objects unloaded after import = 14
========================================================================
Received Import Request.
  Time since last request: 0.000034 seconds.
  path: Assets/GPVFX_POTIONS PACK/3D/POTIONS_Default/GPVFX_POTION D.obj
  artifactKey: Guid(fa3d40d80ed464b26b367bb3befd6a6b) Importer(815301076,1909f56bfc062723c751e8b465ee728b)
Start importing Assets/GPVFX_POTIONS PACK/3D/POTIONS_Default/GPVFX_POTION D.obj using Guid(fa3d40d80ed464b26b367bb3befd6a6b) Importer(815301076,1909f56bfc062723c751e8b465ee728b)  -> (artifact id: '982c91b35aa17f6c5f3a4348873fd2a4') in 0.036244 seconds
Number of updated asset objects reloaded before import = 0
Number of asset objects unloaded after import = 14
========================================================================
Received Import Request.
  Time since last request: 1.404486 seconds.
  path: Assets/GPVFX_POTIONS PACK/3D/POTIONS_Exploded
  artifactKey: Guid(74f9010708ec0490498195ac3d786f41) Importer(815301076,1909f56bfc062723c751e8b465ee728b)
Start importing Assets/GPVFX_POTIONS PACK/3D/POTIONS_Exploded using Guid(74f9010708ec0490498195ac3d786f41) Importer(815301076,1909f56bfc062723c751e8b465ee728b)  -> (artifact id: '5b48abf1b751ebc4825b95cf27aab657') in 0.000616 seconds
Number of updated asset objects reloaded before import = 0
Number of asset objects unloaded after import = 0
========================================================================
Received Import Request.
  Time since last request: 0.057338 seconds.
  path: Assets/GPVFX_POTIONS PACK/3D/POTIONS_Exploded/GPVFX_Potion A_Explode.fbx
  artifactKey: Guid(3b976111dc27945098e7e518f008872f) Importer(815301076,1909f56bfc062723c751e8b465ee728b)
Start importing Assets/GPVFX_POTIONS PACK/3D/POTIONS_Exploded/GPVFX_Potion A_Explode.fbx using Guid(3b976111dc27945098e7e518f008872f) Importer(815301076,1909f56bfc062723c751e8b465ee728b)  -> (artifact id: '5c5e3dc57b278700ffe3c11c6bdcebe3') in 0.028478 seconds
Number of updated asset objects reloaded before import = 0
Number of asset objects unloaded after import = 11
========================================================================
Received Import Request.
  Time since last request: 0.000020 seconds.
  path: Assets/GPVFX_POTIONS PACK/3D/POTIONS_Exploded/GPVFX_Potion C_Exploded.fbx
  artifactKey: Guid(05a8c4c5fe23d402daf93d45f8833828) Importer(815301076,1909f56bfc062723c751e8b465ee728b)
Start importing Assets/GPVFX_POTIONS PACK/3D/POTIONS_Exploded/GPVFX_Potion C_Exploded.fbx using Guid(05a8c4c5fe23d402daf93d45f8833828) Importer(815301076,1909f56bfc062723c751e8b465ee728b)  -> (artifact id: '40919db1daed7136c75f61bedc236eea') in 0.027304 seconds
Number of updated asset objects reloaded before import = 0
Number of asset objects unloaded after import = 11
========================================================================
Received Import Request.
  Time since last request: 0.000021 seconds.
  path: Assets/GPVFX_POTIONS PACK/3D/POTIONS_Exploded/GPVFX_Potion E_Exploded.fbx
  artifactKey: Guid(5ff0fff942c33475288a07e66574a1d9) Importer(815301076,1909f56bfc062723c751e8b465ee728b)
Start importing Assets/GPVFX_POTIONS PACK/3D/POTIONS_Exploded/GPVFX_Potion E_Exploded.fbx using Guid(5ff0fff942c33475288a07e66574a1d9) Importer(815301076,1909f56bfc062723c751e8b465ee728b)  -> (artifact id: 'e9d991a45e5b3ab7d23e60d37354ac91') in 0.028137 seconds
Number of updated asset objects reloaded before import = 0
Number of asset objects unloaded after import = 11
========================================================================
Received Import Request.
  Time since last request: 1.176641 seconds.
  path: Assets/GPVFX_POTIONS PACK/3D/POTIONS_Textures/cork 1.png
  artifactKey: Guid(e6f1e0c58a61d451c94e55fae592b789) Importer(815301076,1909f56bfc062723c751e8b465ee728b)
Start importing Assets/GPVFX_POTIONS PACK/3D/POTIONS_Textures/cork 1.png using Guid(e6f1e0c58a61d451c94e55fae592b789) Importer(815301076,1909f56bfc062723c751e8b465ee728b)  -> (artifact id: '9cab36447e5ebe8504aa26e4af442b62') in 0.035949 seconds
Number of updated asset objects reloaded before import = 0
Number of asset objects unloaded after import = 2
========================================================================
Received Import Request.
  Time since last request: 32.606104 seconds.
  path: Assets/GPVFX_POTIONS PACK/TEMP/GardensC_03_1.otf
  artifactKey: Guid(8f89924da1f984326b9d74e25a0fe5e6) Importer(815301076,1909f56bfc062723c751e8b465ee728b)
Start importing Assets/GPVFX_POTIONS PACK/TEMP/GardensC_03_1.otf using Guid(8f89924da1f984326b9d74e25a0fe5e6) Importer(815301076,1909f56bfc062723c751e8b465ee728b)  -> (artifact id: '6725222c7b9a82b686a76852dc3ec0ab') in 0.035229 seconds
Number of updated asset objects reloaded before import = 0
Number of asset objects unloaded after import = 4
========================================================================
Received Import Request.
  Time since last request: 0.000029 seconds.
  path: Assets/GPVFX_POTIONS PACK/TEMP/Skybox.mat
  artifactKey: Guid(b32cd2f79601742f9bc3011048a95f80) Importer(815301076,1909f56bfc062723c751e8b465ee728b)
Start importing Assets/GPVFX_POTIONS PACK/TEMP/Skybox.mat using Guid(b32cd2f79601742f9bc3011048a95f80) Importer(815301076,1909f56bfc062723c751e8b465ee728b)  -> (artifact id: '0d00e9854c74c84b1043af4347180949') in 0.226457 seconds
Number of updated asset objects reloaded before import = 0
Number of asset objects unloaded after import = 2
========================================================================
Received Prepare
Begin MonoManager ReloadAssembly
Symbol file LoadedFromMemory doesn't match image F:\ST\Unity project\For Pyitochnaya\Magic-Sorting\Library\PackageCache\com.unity.visualscripting@1.8.0\Editor\VisualScripting.Core\Dependencies\YamlDotNet\Unity.VisualScripting.YamlDotNet.dll
Symbol file LoadedFromMemory doesn't match image F:\ST\Unity project\For Pyitochnaya\Magic-Sorting\Library\PackageCache\com.unity.visualscripting@1.8.0\Editor\VisualScripting.Core\Dependencies\DotNetZip\Unity.VisualScripting.IonicZip.dll
- Loaded All Assemblies, in  0.632 seconds
Refreshing native plugins compatible for Editor in 8.49 ms, found 3 plugins.
Native extension for UWP target not found
Native extension for WindowsStandalone target not found
Native extension for Android target not found
Native extension for WebGL target not found
Mono: successfully reloaded assembly
[Package Manager] Server::EnsureServerProcessIsRunning -- launch failed, reason: Unity was launched with the -noUpm command-line argument
[Package Manager] UpmClient::Send -- Unable to send message (not connected to UPM process).
[Package Manager] Cannot connect to Unity Package Manager local server
- Finished resetting the current domain, in  1.287 seconds
Domain Reload Profiling: 1916ms
	BeginReloadAssembly (204ms)
		ExecutionOrderSort (0ms)
		DisableScriptedObjects (7ms)
		BackupInstance (0ms)
		ReleaseScriptingObjects (0ms)
		CreateAndSetChildDomain (47ms)
	RebuildCommonClasses (46ms)
	RebuildNativeTypeToScriptingClass (16ms)
	initialDomainReloadingComplete (43ms)
	LoadAllAssembliesAndSetupDomain (320ms)
		LoadAssemblies (413ms)
		RebuildTransferFunctionScriptingTraits (0ms)
		AnalyzeDomain (21ms)
			TypeCache.Refresh (8ms)
				TypeCache.ScanAssembly (0ms)
			ScanForSourceGeneratedMonoScriptInfo (0ms)
			ResolveRequiredComponents (11ms)
	FinalizeReload (1288ms)
		ReleaseScriptCaches (0ms)
		RebuildScriptCaches (0ms)
		SetupLoadedEditorAssemblies (557ms)
			LogAssemblyErrors (0ms)
			InitializePlatformSupportModulesInManaged (38ms)
			SetLoadedEditorAssemblies (4ms)
			RefreshPlugins (0ms)
			BeforeProcessingInitializeOnLoad (87ms)
			ProcessInitializeOnLoadAttributes (380ms)
			ProcessInitializeOnLoadMethodAttributes (32ms)
			AfterProcessingInitializeOnLoad (15ms)
			EditorAssembliesLoaded (0ms)
		ExecutionOrderSort2 (0ms)
		AwakeInstancesAfterBackupRestoration (11ms)
Refreshing native plugins compatible for Editor in 16.23 ms, found 3 plugins.
Preloading 0 native plugins for Editor in 0.00 ms.
Unloading 3827 Unused Serialized files (Serialized files now loaded: 0)
Unloading 40 unused Assets / (39.5 KB). Loaded Objects now: 4347.
Memory consumption went from 137.8 MB to 137.8 MB.
Total: 6.955500 ms (FindLiveObjects: 0.497100 ms CreateObjectMapping: 0.305400 ms MarkObjects: 6.061100 ms  DeleteObjects: 0.090700 ms)

Prepare: number of updated asset objects reloaded= 0
AssetImportParameters requested are different than current active one (requested -> active):
  custom:container-demuxer-ogg: 62fdf1f143b41e24485cea50d1cbac27 -> 
  custom:video-decoder-ogg-theora: a1e56fd34408186e4bbccfd4996cb3dc -> 
  custom:framework-win-MediaFoundation: 216162199b28c13a410421893ffa2e32 -> 
  custom:CustomObjectIndexerAttribute: 756ad292c208cfabdd7b50bc23989ffe -> 
  custom:container-demuxer-webm: 4f35f7cbe854078d1ac9338744f61a02 -> 
  custom:container-muxer-webm: aa71ff27fc2769a1b78a27578f13a17b -> 
  custom:video-decoder-webm-vp8: 9c59270c3fd7afecdb556c50c9e8de78 -> 
  custom:SearchIndexIgnoredProperties: e643bd26f0fe6173181afceb89e7c659 -> 
  custom:AudioImporter_EditorPlatform: d09bf68614088b80899f8185d706f6e7 -> 
  custom:video-encoder-webm-vp8: eb34c28f22e8b96e1ab97ce403110664 -> 
  custom:audio-decoder-ogg-vorbis: bf7c407c2cedff20999df2af8eb42d56 -> 
  custom:audio-encoder-webm-vorbis: bf7c407c2cedff20999df2af8eb42d56 -> 
========================================================================
Received Prepare
Begin MonoManager ReloadAssembly
Symbol file LoadedFromMemory doesn't match image F:\ST\Unity project\For Pyitochnaya\Magic-Sorting\Library\PackageCache\com.unity.visualscripting@1.8.0\Editor\VisualScripting.Core\Dependencies\YamlDotNet\Unity.VisualScripting.YamlDotNet.dll
Symbol file LoadedFromMemory doesn't match image F:\ST\Unity project\For Pyitochnaya\Magic-Sorting\Library\PackageCache\com.unity.visualscripting@1.8.0\Editor\VisualScripting.Core\Dependencies\DotNetZip\Unity.VisualScripting.IonicZip.dll
- Loaded All Assemblies, in  0.615 seconds
Refreshing native plugins compatible for Editor in 10.13 ms, found 3 plugins.
Native extension for UWP target not found
Native extension for WindowsStandalone target not found
Native extension for Android target not found
Native extension for WebGL target not found
Mono: successfully reloaded assembly
[Package Manager] Server::EnsureServerProcessIsRunning -- launch failed, reason: Unity was launched with the -noUpm command-line argument
[Package Manager] UpmClient::Send -- Unable to send message (not connected to UPM process).
[Package Manager] Cannot connect to Unity Package Manager local server
- Finished resetting the current domain, in  1.256 seconds
Domain Reload Profiling: 1868ms
	BeginReloadAssembly (200ms)
		ExecutionOrderSort (0ms)
		DisableScriptedObjects (8ms)
		BackupInstance (0ms)
		ReleaseScriptingObjects (0ms)
		CreateAndSetChildDomain (44ms)
	RebuildCommonClasses (46ms)
	RebuildNativeTypeToScriptingClass (16ms)
	initialDomainReloadingComplete (43ms)
	LoadAllAssembliesAndSetupDomain (306ms)
		LoadAssemblies (400ms)
		RebuildTransferFunctionScriptingTraits (0ms)
		AnalyzeDomain (19ms)
			TypeCache.Refresh (7ms)
				TypeCache.ScanAssembly (0ms)
			ScanForSourceGeneratedMonoScriptInfo (0ms)
			ResolveRequiredComponents (10ms)
	FinalizeReload (1256ms)
		ReleaseScriptCaches (0ms)
		RebuildScriptCaches (0ms)
		SetupLoadedEditorAssemblies (541ms)
			LogAssemblyErrors (0ms)
			InitializePlatformSupportModulesInManaged (41ms)
			SetLoadedEditorAssemblies (5ms)
			RefreshPlugins (0ms)
			BeforeProcessingInitializeOnLoad (90ms)
			ProcessInitializeOnLoadAttributes (365ms)
			ProcessInitializeOnLoadMethodAttributes (28ms)
			AfterProcessingInitializeOnLoad (12ms)
			EditorAssembliesLoaded (0ms)
		ExecutionOrderSort2 (0ms)
		AwakeInstancesAfterBackupRestoration (9ms)
Refreshing native plugins compatible for Editor in 14.36 ms, found 3 plugins.
Preloading 0 native plugins for Editor in 0.00 ms.
Unloading 3827 Unused Serialized files (Serialized files now loaded: 0)
Unloading 40 unused Assets / (39.5 KB). Loaded Objects now: 4350.
Memory consumption went from 137.8 MB to 137.8 MB.
Total: 4.810200 ms (FindLiveObjects: 0.444000 ms CreateObjectMapping: 0.247900 ms MarkObjects: 4.033200 ms  DeleteObjects: 0.084200 ms)

Prepare: number of updated asset objects reloaded= 0
AssetImportParameters requested are different than current active one (requested -> active):
  custom:container-demuxer-ogg: 62fdf1f143b41e24485cea50d1cbac27 -> 
  custom:video-decoder-ogg-theora: a1e56fd34408186e4bbccfd4996cb3dc -> 
  custom:framework-win-MediaFoundation: 216162199b28c13a410421893ffa2e32 -> 
  custom:CustomObjectIndexerAttribute: 756ad292c208cfabdd7b50bc23989ffe -> 
  custom:container-demuxer-webm: 4f35f7cbe854078d1ac9338744f61a02 -> 
  custom:container-muxer-webm: aa71ff27fc2769a1b78a27578f13a17b -> 
  custom:video-decoder-webm-vp8: 9c59270c3fd7afecdb556c50c9e8de78 -> 
  custom:SearchIndexIgnoredProperties: e643bd26f0fe6173181afceb89e7c659 -> 
  custom:AudioImporter_EditorPlatform: d09bf68614088b80899f8185d706f6e7 -> 
  custom:video-encoder-webm-vp8: eb34c28f22e8b96e1ab97ce403110664 -> 
  custom:audio-decoder-ogg-vorbis: bf7c407c2cedff20999df2af8eb42d56 -> 
  custom:audio-encoder-webm-vorbis: bf7c407c2cedff20999df2af8eb42d56 -> 
========================================================================
Received Import Request.
  Time since last request: 203.678963 seconds.
  path: Assets/3D Models/GPVFX_POTIONS PACK/VFX/VFX PREFABS/GPVFX_MAGIC PREFABS/GPVFX_Dispel.prefab
  artifactKey: Guid(c833dcb153baf4725a34c8a07efc9631) Importer(815301076,1909f56bfc062723c751e8b465ee728b)
Start importing Assets/3D Models/GPVFX_POTIONS PACK/VFX/VFX PREFABS/GPVFX_MAGIC PREFABS/GPVFX_Dispel.prefab using Guid(c833dcb153baf4725a34c8a07efc9631) Importer(815301076,1909f56bfc062723c751e8b465ee728b)  -> (artifact id: 'ab45f1edc2a1291c621ed20535b83fe5') in 0.172012 seconds
Internal: There are remaining Allocations on the JobTempAlloc. This is a leak, and will impact performance
To Debug, run app with -diag-job-temp-memory-leak-validation cmd line argument. This will output the callstacks of the leaked allocations.
Number of updated asset objects reloaded before import = 0
Number of asset objects unloaded after import = 35
========================================================================
Received Import Request.
  Time since last request: 0.000016 seconds.
  path: Assets/3D Models/GPVFX_POTIONS PACK/VFX/VFX PREFABS/GPVFX_MAGIC PREFABS/GPVFX_Interrupt.prefab
  artifactKey: Guid(30ab0f04a7ac847e5ac282bd3168dca1) Importer(815301076,1909f56bfc062723c751e8b465ee728b)
Start importing Assets/3D Models/GPVFX_POTIONS PACK/VFX/VFX PREFABS/GPVFX_MAGIC PREFABS/GPVFX_Interrupt.prefab using Guid(30ab0f04a7ac847e5ac282bd3168dca1) Importer(815301076,1909f56bfc062723c751e8b465ee728b)  -> (artifact id: '153090dffa3b789c979b757a856c3f67') in 0.051705 seconds
Internal: There are remaining Allocations on the JobTempAlloc. This is a leak, and will impact performance
To Debug, run app with -diag-job-temp-memory-leak-validation cmd line argument. This will output the callstacks of the leaked allocations.
Number of updated asset objects reloaded before import = 0
Number of asset objects unloaded after import = 36
========================================================================
Received Import Request.
  Time since last request: 0.000025 seconds.
  path: Assets/3D Models/GPVFX_POTIONS PACK/VFX/VFX PREFABS/GPVFX_MAGIC PREFABS/GPVFX_Entangle.prefab
  artifactKey: Guid(1409b8d7b59e04060a4da1655b57f5ed) Importer(815301076,1909f56bfc062723c751e8b465ee728b)
Start importing Assets/3D Models/GPVFX_POTIONS PACK/VFX/VFX PREFABS/GPVFX_MAGIC PREFABS/GPVFX_Entangle.prefab using Guid(1409b8d7b59e04060a4da1655b57f5ed) Importer(815301076,1909f56bfc062723c751e8b465ee728b)  -> (artifact id: 'b50a7b09aa13fefd9a5e3680e7c17a6c') in 0.088984 seconds
Internal: There are remaining Allocations on the JobTempAlloc. This is a leak, and will impact performance
To Debug, run app with -diag-job-temp-memory-leak-validation cmd line argument. This will output the callstacks of the leaked allocations.
Number of updated asset objects reloaded before import = 0
Number of asset objects unloaded after import = 35
========================================================================
Received Import Request.
  Time since last request: 3.799409 seconds.
  path: Assets/3D Models/GPVFX_POTIONS PACK/VFX/VFX_Materials/GPVFX_Caltrop A.mat
  artifactKey: Guid(125a042a9277d41389955cc3eb08c91f) Importer(815301076,1909f56bfc062723c751e8b465ee728b)
Start importing Assets/3D Models/GPVFX_POTIONS PACK/VFX/VFX_Materials/GPVFX_Caltrop A.mat using Guid(125a042a9277d41389955cc3eb08c91f) Importer(815301076,1909f56bfc062723c751e8b465ee728b)  -> (artifact id: '9da452f2ff14493d4992a1131ab1de66') in 0.030680 seconds
Internal: There are remaining Allocations on the JobTempAlloc. This is a leak, and will impact performance
To Debug, run app with -diag-job-temp-memory-leak-validation cmd line argument. This will output the callstacks of the leaked allocations.
Number of updated asset objects reloaded before import = 0
Number of asset objects unloaded after import = 2
========================================================================
Received Import Request.
  Time since last request: 0.005054 seconds.
  path: Assets/3D Models/GPVFX_POTIONS PACK/VFX/VFX_Materials/GPVFX_Dispel.mat
  artifactKey: Guid(cc939f81ac48c485f8ad8d64237d4b82) Importer(815301076,1909f56bfc062723c751e8b465ee728b)
Start importing Assets/3D Models/GPVFX_POTIONS PACK/VFX/VFX_Materials/GPVFX_Dispel.mat using Guid(cc939f81ac48c485f8ad8d64237d4b82) Importer(815301076,1909f56bfc062723c751e8b465ee728b)  -> (artifact id: '4a20d0eb708055047ff864b5f839d212') in 0.039740 seconds
Internal: There are remaining Allocations on the JobTempAlloc. This is a leak, and will impact performance
To Debug, run app with -diag-job-temp-memory-leak-validation cmd line argument. This will output the callstacks of the leaked allocations.
Number of updated asset objects reloaded before import = 0
Number of asset objects unloaded after import = 2
========================================================================
Received Import Request.
  Time since last request: 0.000286 seconds.
  path: Assets/3D Models/GPVFX_POTIONS PACK/VFX/VFX_Materials/GPVFX_Summon.mat
  artifactKey: Guid(bdb7d8c001a2340cdab633bd8af24850) Importer(815301076,1909f56bfc062723c751e8b465ee728b)
Start importing Assets/3D Models/GPVFX_POTIONS PACK/VFX/VFX_Materials/GPVFX_Summon.mat using Guid(bdb7d8c001a2340cdab633bd8af24850) Importer(815301076,1909f56bfc062723c751e8b465ee728b)  -> (artifact id: 'bab0ae57d36121dd077a3d6050bb6b29') in 0.030518 seconds
Internal: There are remaining Allocations on the JobTempAlloc. This is a leak, and will impact performance
To Debug, run app with -diag-job-temp-memory-leak-validation cmd line argument. This will output the callstacks of the leaked allocations.
Number of updated asset objects reloaded before import = 0
Number of asset objects unloaded after import = 2
========================================================================
Received Import Request.
  Time since last request: 0.000020 seconds.
  path: Assets/3D Models/GPVFX_POTIONS PACK/VFX/VFX_Materials/Sparkle.mat
  artifactKey: Guid(eee2550fc3c304470b9ec1fab9dbdc98) Importer(815301076,1909f56bfc062723c751e8b465ee728b)
Start importing Assets/3D Models/GPVFX_POTIONS PACK/VFX/VFX_Materials/Sparkle.mat using Guid(eee2550fc3c304470b9ec1fab9dbdc98) Importer(815301076,1909f56bfc062723c751e8b465ee728b)  -> (artifact id: '57794a9af4e7dd8d80f905b8cfcca480') in 0.017519 seconds
Internal: There are remaining Allocations on the JobTempAlloc. This is a leak, and will impact performance
To Debug, run app with -diag-job-temp-memory-leak-validation cmd line argument. This will output the callstacks of the leaked allocations.
Number of updated asset objects reloaded before import = 0
Number of asset objects unloaded after import = 2
========================================================================
Received Import Request.
  Time since last request: 0.000023 seconds.
  path: Assets/3D Models/GPVFX_POTIONS PACK/VFX/VFX_Materials/GPVFX_Mute Bubble.mat
  artifactKey: Guid(2c1b6719024e444069f1807cd33d467d) Importer(815301076,1909f56bfc062723c751e8b465ee728b)
Start importing Assets/3D Models/GPVFX_POTIONS PACK/VFX/VFX_Materials/GPVFX_Mute Bubble.mat using Guid(2c1b6719024e444069f1807cd33d467d) Importer(815301076,1909f56bfc062723c751e8b465ee728b)  -> (artifact id: 'a41bc3190aca17253307a7c14d57ee99') in 0.008436 seconds
Internal: JobTempAlloc has allocations that are more than the maximum lifespan of 4 frames old - this is not allowed and likely a leak
To Debug, run app with -diag-job-temp-memory-leak-validation cmd line argument. This will output the callstacks of the leaked allocations.
Internal: There are remaining Allocations on the JobTempAlloc. This is a leak, and will impact performance
To Debug, run app with -diag-job-temp-memory-leak-validation cmd line argument. This will output the callstacks of the leaked allocations.
Number of updated asset objects reloaded before import = 0
Number of asset objects unloaded after import = 2
========================================================================
Received Import Request.
  Time since last request: 0.000019 seconds.
  path: Assets/3D Models/GPVFX_POTIONS PACK/VFX/VFX_Materials/GPVFX_Interrupt Swarm.mat
  artifactKey: Guid(d36d0ae7ed8a946d58078d151e5ea4bf) Importer(815301076,1909f56bfc062723c751e8b465ee728b)
Start importing Assets/3D Models/GPVFX_POTIONS PACK/VFX/VFX_Materials/GPVFX_Interrupt Swarm.mat using Guid(d36d0ae7ed8a946d58078d151e5ea4bf) Importer(815301076,1909f56bfc062723c751e8b465ee728b)  -> (artifact id: '379e215f59ceb643e77db115800bba20') in 0.019969 seconds
Internal: There are remaining Allocations on the JobTempAlloc. This is a leak, and will impact performance
To Debug, run app with -diag-job-temp-memory-leak-validation cmd line argument. This will output the callstacks of the leaked allocations.
Number of updated asset objects reloaded before import = 0
Number of asset objects unloaded after import = 2
========================================================================
Received Import Request.
  Time since last request: 0.000029 seconds.
  path: Assets/3D Models/GPVFX_POTIONS PACK/VFX/VFX_Materials/GPVFX_Interrupt.mat
  artifactKey: Guid(6eb68563a3b134263bb5de66a48ac643) Importer(815301076,1909f56bfc062723c751e8b465ee728b)
Start importing Assets/3D Models/GPVFX_POTIONS PACK/VFX/VFX_Materials/GPVFX_Interrupt.mat using Guid(6eb68563a3b134263bb5de66a48ac643) Importer(815301076,1909f56bfc062723c751e8b465ee728b)  -> (artifact id: '53a7cf7705976c1300032f1d78a4c881') in 0.020604 seconds
Internal: There are remaining Allocations on the JobTempAlloc. This is a leak, and will impact performance
To Debug, run app with -diag-job-temp-memory-leak-validation cmd line argument. This will output the callstacks of the leaked allocations.
Number of updated asset objects reloaded before import = 0
Number of asset objects unloaded after import = 2
Editor requested this worker to shutdown with reason: Scaling down because of idle timeout
TcpMessagingSession - receive error: operation aborted. errorcode: 995, details: ќпераци€ ввода/вывода была прервана из-за завершени€ потока команд или по запросу приложени€.
AssetImportWorker is now disconnected from the server
Process exiting
Exiting without the bug reporter. Application will terminate with return code 0