Using pre-set license
Built from '2022.3/staging' branch; Version is '2022.3.7f1 (b16b3b16c7a0) revision 11627323'; Using compiler version '192829333'; Build Type 'Release'
OS: 'Windows 10  (10.0.19045) 64bit Professional' Language: 'ru' Physical Memory: 32604 MB
BatchMode: 1, IsHumanControllingUs: 0, StartBugReporterOnCrash: 0, Is64bit: 1, IsPro: 1

COMMAND LINE ARGUMENTS:
C:\Program Files\Unity\Hub\Editor\2022.3.7f1\Editor\Unity.exe
-adb2
-batchMode
-noUpm
-name
AssetImportWorker11
-projectPath
F:/ST/Unity project/For Pyitochnaya/Magic-Sorting
-logFile
Logs/AssetImportWorker11.log
-srvPort
56579
Successfully changed project path to: F:/ST/Unity project/For Pyitochnaya/Magic-Sorting
F:/ST/Unity project/For Pyitochnaya/Magic-Sorting
[UnityMemory] Configuration Parameters - Can be set up in boot.config
    "memorysetup-bucket-allocator-granularity=16"
    "memorysetup-bucket-allocator-bucket-count=8"
    "memorysetup-bucket-allocator-block-size=33554432"
    "memorysetup-bucket-allocator-block-count=8"
    "memorysetup-main-allocator-block-size=16777216"
    "memorysetup-thread-allocator-block-size=16777216"
    "memorysetup-gfx-main-allocator-block-size=16777216"
    "memorysetup-gfx-thread-allocator-block-size=16777216"
    "memorysetup-cache-allocator-block-size=4194304"
    "memorysetup-typetree-allocator-block-size=2097152"
    "memorysetup-profiler-bucket-allocator-granularity=16"
    "memorysetup-profiler-bucket-allocator-bucket-count=8"
    "memorysetup-profiler-bucket-allocator-block-size=33554432"
    "memorysetup-profiler-bucket-allocator-block-count=8"
    "memorysetup-profiler-allocator-block-size=16777216"
    "memorysetup-profiler-editor-allocator-block-size=1048576"
    "memorysetup-temp-allocator-size-main=16777216"
    "memorysetup-job-temp-allocator-block-size=2097152"
    "memorysetup-job-temp-allocator-block-size-background=1048576"
    "memorysetup-job-temp-allocator-reduction-small-platforms=262144"
    "memorysetup-allocator-temp-initial-block-size-main=262144"
    "memorysetup-allocator-temp-initial-block-size-worker=262144"
    "memorysetup-temp-allocator-size-background-worker=32768"
    "memorysetup-temp-allocator-size-job-worker=262144"
    "memorysetup-temp-allocator-size-preload-manager=33554432"
    "memorysetup-temp-allocator-size-nav-mesh-worker=65536"
    "memorysetup-temp-allocator-size-audio-worker=65536"
    "memorysetup-temp-allocator-size-cloud-worker=32768"
    "memorysetup-temp-allocator-size-gi-baking-worker=262144"
    "memorysetup-temp-allocator-size-gfx=262144"
Player connection [23076] Host "[IP] 192.168.3.16 [Port] 0 [Flags] 2 [Guid] 3696147265 [EditorId] 3696147265 [Version] 1048832 [Id] WindowsEditor(7,DESKTOP-MRAJI7N) [Debug] 1 [PackageName] WindowsEditor [ProjectName] Editor" joined multi-casting on [225.0.0.222:54997]...

Player connection [23076] Host "[IP] 192.168.3.16 [Port] 0 [Flags] 2 [Guid] 3696147265 [EditorId] 3696147265 [Version] 1048832 [Id] WindowsEditor(7,DESKTOP-MRAJI7N) [Debug] 1 [PackageName] WindowsEditor [ProjectName] Editor" joined alternative multi-casting on [225.0.0.222:34997]...

Refreshing native plugins compatible for Editor in 17.88 ms, found 3 plugins.
Preloading 0 native plugins for Editor in 0.00 ms.
Initialize engine version: 2022.3.7f1 (b16b3b16c7a0)
[Subsystems] Discovering subsystems at path C:/Program Files/Unity/Hub/Editor/2022.3.7f1/Editor/Data/Resources/UnitySubsystems
[Subsystems] Discovering subsystems at path F:/ST/Unity project/For Pyitochnaya/Magic-Sorting/Assets
GfxDevice: creating device client; threaded=0; jobified=0
Direct3D:
    Version:  Direct3D 11.0 [level 11.1]
    Renderer: NVIDIA GeForce GTX 1660 SUPER (ID=0x21c4)
    Vendor:   NVIDIA
    VRAM:     5966 MB
    Driver:   32.0.15.7283
Initialize mono
Mono path[0] = 'C:/Program Files/Unity/Hub/Editor/2022.3.7f1/Editor/Data/Managed'
Mono path[1] = 'C:/Program Files/Unity/Hub/Editor/2022.3.7f1/Editor/Data/MonoBleedingEdge/lib/mono/unityjit-win32'
Mono config path = 'C:/Program Files/Unity/Hub/Editor/2022.3.7f1/Editor/Data/MonoBleedingEdge/etc'
Using monoOptions --debugger-agent=transport=dt_socket,embedding=1,server=y,suspend=n,address=127.0.0.1:56788
Begin MonoManager ReloadAssembly
Registering precompiled unity dll's ...
Register platform support module: C:/Program Files/Unity/Hub/Editor/2022.3.7f1/Editor/Data/PlaybackEngines/WebGLSupport/UnityEditor.WebGL.Extensions.dll
Register platform support module: C:/Program Files/Unity/Hub/Editor/2022.3.7f1/Editor/Data/PlaybackEngines/AndroidPlayer/UnityEditor.Android.Extensions.dll
Register platform support module: C:/Program Files/Unity/Hub/Editor/2022.3.7f1/Editor/Data/PlaybackEngines/WindowsStandaloneSupport/UnityEditor.WindowsStandalone.Extensions.dll
Register platform support module: C:/Program Files/Unity/Hub/Editor/2022.3.7f1/Editor/Data/PlaybackEngines/MetroSupport/UnityEditor.UWP.Extensions.dll
Registered in 0.017746 seconds.
- Loaded All Assemblies, in  0.486 seconds
Native extension for UWP target not found
Native extension for WindowsStandalone target not found
Native extension for Android target not found
Android Extension - Scanning For ADB Devices 324 ms
Native extension for WebGL target not found
Mono: successfully reloaded assembly
- Finished resetting the current domain, in  0.760 seconds
Domain Reload Profiling: 1244ms
	BeginReloadAssembly (145ms)
		ExecutionOrderSort (0ms)
		DisableScriptedObjects (0ms)
		BackupInstance (0ms)
		ReleaseScriptingObjects (0ms)
		CreateAndSetChildDomain (1ms)
	RebuildCommonClasses (42ms)
	RebuildNativeTypeToScriptingClass (14ms)
	initialDomainReloadingComplete (85ms)
	LoadAllAssembliesAndSetupDomain (198ms)
		LoadAssemblies (145ms)
		RebuildTransferFunctionScriptingTraits (0ms)
		AnalyzeDomain (193ms)
			TypeCache.Refresh (192ms)
				TypeCache.ScanAssembly (174ms)
			ScanForSourceGeneratedMonoScriptInfo (0ms)
			ResolveRequiredComponents (1ms)
	FinalizeReload (761ms)
		ReleaseScriptCaches (0ms)
		RebuildScriptCaches (0ms)
		SetupLoadedEditorAssemblies (682ms)
			LogAssemblyErrors (0ms)
			InitializePlatformSupportModulesInManaged (469ms)
			SetLoadedEditorAssemblies (5ms)
			RefreshPlugins (0ms)
			BeforeProcessingInitializeOnLoad (3ms)
			ProcessInitializeOnLoadAttributes (141ms)
			ProcessInitializeOnLoadMethodAttributes (64ms)
			AfterProcessingInitializeOnLoad (0ms)
			EditorAssembliesLoaded (0ms)
		ExecutionOrderSort2 (0ms)
		AwakeInstancesAfterBackupRestoration (0ms)
========================================================================
Worker process is ready to serve import requests
Begin MonoManager ReloadAssembly
Symbol file LoadedFromMemory doesn't match image F:\ST\Unity project\For Pyitochnaya\Magic-Sorting\Library\PackageCache\com.unity.visualscripting@1.8.0\Editor\VisualScripting.Core\Dependencies\YamlDotNet\Unity.VisualScripting.YamlDotNet.dll
Symbol file LoadedFromMemory doesn't match image F:\ST\Unity project\For Pyitochnaya\Magic-Sorting\Library\PackageCache\com.unity.visualscripting@1.8.0\Editor\VisualScripting.Core\Dependencies\DotNetZip\Unity.VisualScripting.IonicZip.dll
- Loaded All Assemblies, in  0.884 seconds
Refreshing native plugins compatible for Editor in 8.74 ms, found 3 plugins.
Native extension for UWP target not found
Native extension for WindowsStandalone target not found
Native extension for Android target not found
Native extension for WebGL target not found
Mono: successfully reloaded assembly
Package Manager log level set to [2]
[Package Manager] Server::EnsureServerProcessIsRunning -- launch failed, reason: Unity was launched with the -noUpm command-line argument
[Package Manager] UpmClient::Send -- Unable to send message (not connected to UPM process).
[Package Manager] Cannot connect to Unity Package Manager local server
[Package Manager] Server::EnsureServerProcessIsRunning -- launch failed, reason: Unity was launched with the -noUpm command-line argument
[Package Manager] UpmClient::Send -- Unable to send message (not connected to UPM process).
[Package Manager] Cannot connect to Unity Package Manager local server
- Finished resetting the current domain, in  0.790 seconds
Domain Reload Profiling: 1672ms
	BeginReloadAssembly (211ms)
		ExecutionOrderSort (0ms)
		DisableScriptedObjects (8ms)
		BackupInstance (0ms)
		ReleaseScriptingObjects (0ms)
		CreateAndSetChildDomain (36ms)
	RebuildCommonClasses (47ms)
	RebuildNativeTypeToScriptingClass (16ms)
	initialDomainReloadingComplete (61ms)
	LoadAllAssembliesAndSetupDomain (546ms)
		LoadAssemblies (414ms)
		RebuildTransferFunctionScriptingTraits (0ms)
		AnalyzeDomain (247ms)
			TypeCache.Refresh (210ms)
				TypeCache.ScanAssembly (186ms)
			ScanForSourceGeneratedMonoScriptInfo (26ms)
			ResolveRequiredComponents (9ms)
	FinalizeReload (791ms)
		ReleaseScriptCaches (0ms)
		RebuildScriptCaches (0ms)
		SetupLoadedEditorAssemblies (579ms)
			LogAssemblyErrors (0ms)
			InitializePlatformSupportModulesInManaged (37ms)
			SetLoadedEditorAssemblies (4ms)
			RefreshPlugins (0ms)
			BeforeProcessingInitializeOnLoad (88ms)
			ProcessInitializeOnLoadAttributes (413ms)
			ProcessInitializeOnLoadMethodAttributes (27ms)
			AfterProcessingInitializeOnLoad (10ms)
			EditorAssembliesLoaded (0ms)
		ExecutionOrderSort2 (0ms)
		AwakeInstancesAfterBackupRestoration (8ms)
Launched and connected shader compiler UnityShaderCompiler.exe after 0.05 seconds
Refreshing native plugins compatible for Editor in 9.77 ms, found 3 plugins.
Preloading 0 native plugins for Editor in 0.00 ms.
Unloading 3839 Unused Serialized files (Serialized files now loaded: 0)
Unloading 50 unused Assets / (66.8 KB). Loaded Objects now: 4293.
Memory consumption went from 140.1 MB to 140.1 MB.
Total: 4.157200 ms (FindLiveObjects: 0.389000 ms CreateObjectMapping: 0.233000 ms MarkObjects: 3.389300 ms  DeleteObjects: 0.145100 ms)

AssetImportParameters requested are different than current active one (requested -> active):
  custom:container-demuxer-ogg: 62fdf1f143b41e24485cea50d1cbac27 -> 
  custom:video-decoder-ogg-theora: a1e56fd34408186e4bbccfd4996cb3dc -> 
  custom:framework-win-MediaFoundation: 216162199b28c13a410421893ffa2e32 -> 
  custom:CustomObjectIndexerAttribute: 756ad292c208cfabdd7b50bc23989ffe -> 
  custom:container-demuxer-webm: 4f35f7cbe854078d1ac9338744f61a02 -> 
  custom:container-muxer-webm: aa71ff27fc2769a1b78a27578f13a17b -> 
  custom:video-decoder-webm-vp8: 9c59270c3fd7afecdb556c50c9e8de78 -> 
  custom:SearchIndexIgnoredProperties: e643bd26f0fe6173181afceb89e7c659 -> 
  custom:AudioImporter_EditorPlatform: d09bf68614088b80899f8185d706f6e7 -> 
  custom:video-encoder-webm-vp8: eb34c28f22e8b96e1ab97ce403110664 -> 
  custom:audio-decoder-ogg-vorbis: bf7c407c2cedff20999df2af8eb42d56 -> 
  custom:audio-encoder-webm-vorbis: bf7c407c2cedff20999df2af8eb42d56 -> 
========================================================================
Received Import Request.
  Time since last request: 60564.461757 seconds.
  path: Assets/GPVFX_POTIONS PACK/3D/POTIONS_Textures
  artifactKey: Guid(ce14aa320435a4d419dfa1f44ac4dd93) Importer(815301076,1909f56bfc062723c751e8b465ee728b)
Start importing Assets/GPVFX_POTIONS PACK/3D/POTIONS_Textures using Guid(ce14aa320435a4d419dfa1f44ac4dd93) Importer(815301076,1909f56bfc062723c751e8b465ee728b)  -> (artifact id: 'da628922753e12b6d1a2401cacdda49c') in 0.002958 seconds
Number of updated asset objects reloaded before import = 0
Number of asset objects unloaded after import = 0
========================================================================
Received Import Request.
  Time since last request: 0.095249 seconds.
  path: Assets/GPVFX_POTIONS PACK/3D/POTIONS_Textures/3D Fill Material 2.png
  artifactKey: Guid(f4853b0d577944e3cbb45310ad891fb3) Importer(815301076,1909f56bfc062723c751e8b465ee728b)
Start importing Assets/GPVFX_POTIONS PACK/3D/POTIONS_Textures/3D Fill Material 2.png using Guid(f4853b0d577944e3cbb45310ad891fb3) Importer(815301076,1909f56bfc062723c751e8b465ee728b)  -> (artifact id: 'a2ab18497ff7cf1ef853f08d4235cf30') in 0.101270 seconds
Number of updated asset objects reloaded before import = 0
Number of asset objects unloaded after import = 3
========================================================================
Received Import Request.
  Time since last request: 32.482321 seconds.
  path: Assets/GPVFX_POTIONS PACK/TEMP
  artifactKey: Guid(6ff9daaef093f49fab7579dd6c14faa8) Importer(815301076,1909f56bfc062723c751e8b465ee728b)
Start importing Assets/GPVFX_POTIONS PACK/TEMP using Guid(6ff9daaef093f49fab7579dd6c14faa8) Importer(815301076,1909f56bfc062723c751e8b465ee728b)  -> (artifact id: '198dd14eed8f94a20217d1307e2e0d58') in 0.000739 seconds
Number of updated asset objects reloaded before import = 0
Number of asset objects unloaded after import = 0
========================================================================
Received Import Request.
  Time since last request: 0.053927 seconds.
  path: Assets/GPVFX_POTIONS PACK/TEMP/Apalu.ttf
  artifactKey: Guid(eaa957f043e2649e3ba743fd4b161e94) Importer(815301076,1909f56bfc062723c751e8b465ee728b)
Start importing Assets/GPVFX_POTIONS PACK/TEMP/Apalu.ttf using Guid(eaa957f043e2649e3ba743fd4b161e94) Importer(815301076,1909f56bfc062723c751e8b465ee728b)  -> (artifact id: '3719a713bfb96f21b505b25952b3f32c') in 0.055950 seconds
Number of updated asset objects reloaded before import = 0
Number of asset objects unloaded after import = 4
========================================================================
Received Import Request.
  Time since last request: 9.129701 seconds.
  path: Assets/GPVFX_POTIONS PACK/TEMP/GPVFX_POTIONS DEMO.controller
  artifactKey: Guid(8dfe7b7896be741a19f1982ec3a7bce4) Importer(815301076,1909f56bfc062723c751e8b465ee728b)
Start importing Assets/GPVFX_POTIONS PACK/TEMP/GPVFX_POTIONS DEMO.controller using Guid(8dfe7b7896be741a19f1982ec3a7bce4) Importer(815301076,1909f56bfc062723c751e8b465ee728b)  -> (artifact id: '921f23524c0e4de84f4b753f590b3c9c') in 0.005279 seconds
Number of updated asset objects reloaded before import = 0
Number of asset objects unloaded after import = 4
========================================================================
Received Import Request.
  Time since last request: 13.071815 seconds.
  path: Assets/GPVFX_POTIONS PACK/TEMP/GPVFX_Potions DEMO.anim
  artifactKey: Guid(4801094c5a6324ae8ba3a4007e0a6de7) Importer(815301076,1909f56bfc062723c751e8b465ee728b)
Start importing Assets/GPVFX_POTIONS PACK/TEMP/GPVFX_Potions DEMO.anim using Guid(4801094c5a6324ae8ba3a4007e0a6de7) Importer(815301076,1909f56bfc062723c751e8b465ee728b)  -> (artifact id: 'c6b16ca90c48810631a291d517100799') in 0.003587 seconds
Number of updated asset objects reloaded before import = 0
Number of asset objects unloaded after import = 1
========================================================================
Received Import Request.
  Time since last request: 20.097609 seconds.
  path: Assets/GPVFX_POTIONS PACK/TEMP/DEMO.unity
  artifactKey: Guid(c1c4abd5be954410a9f351af65ece565) Importer(815301076,1909f56bfc062723c751e8b465ee728b)
Start importing Assets/GPVFX_POTIONS PACK/TEMP/DEMO.unity using Guid(c1c4abd5be954410a9f351af65ece565) Importer(815301076,1909f56bfc062723c751e8b465ee728b)  -> (artifact id: 'dada6101902ae73d9ca1ac3e49d5b883') in 0.000744 seconds
Number of updated asset objects reloaded before import = 0
Number of asset objects unloaded after import = 0
========================================================================
Received Prepare
Begin MonoManager ReloadAssembly
Symbol file LoadedFromMemory doesn't match image F:\ST\Unity project\For Pyitochnaya\Magic-Sorting\Library\PackageCache\com.unity.visualscripting@1.8.0\Editor\VisualScripting.Core\Dependencies\YamlDotNet\Unity.VisualScripting.YamlDotNet.dll
Symbol file LoadedFromMemory doesn't match image F:\ST\Unity project\For Pyitochnaya\Magic-Sorting\Library\PackageCache\com.unity.visualscripting@1.8.0\Editor\VisualScripting.Core\Dependencies\DotNetZip\Unity.VisualScripting.IonicZip.dll
- Loaded All Assemblies, in  0.636 seconds
Refreshing native plugins compatible for Editor in 9.10 ms, found 3 plugins.
Native extension for UWP target not found
Native extension for WindowsStandalone target not found
Native extension for Android target not found
Native extension for WebGL target not found
Mono: successfully reloaded assembly
[Package Manager] Server::EnsureServerProcessIsRunning -- launch failed, reason: Unity was launched with the -noUpm command-line argument
[Package Manager] UpmClient::Send -- Unable to send message (not connected to UPM process).
[Package Manager] Cannot connect to Unity Package Manager local server
- Finished resetting the current domain, in  1.295 seconds
Domain Reload Profiling: 1928ms
	BeginReloadAssembly (206ms)
		ExecutionOrderSort (0ms)
		DisableScriptedObjects (6ms)
		BackupInstance (0ms)
		ReleaseScriptingObjects (0ms)
		CreateAndSetChildDomain (46ms)
	RebuildCommonClasses (50ms)
	RebuildNativeTypeToScriptingClass (16ms)
	initialDomainReloadingComplete (43ms)
	LoadAllAssembliesAndSetupDomain (317ms)
		LoadAssemblies (416ms)
		RebuildTransferFunctionScriptingTraits (0ms)
		AnalyzeDomain (20ms)
			TypeCache.Refresh (8ms)
				TypeCache.ScanAssembly (0ms)
			ScanForSourceGeneratedMonoScriptInfo (0ms)
			ResolveRequiredComponents (10ms)
	FinalizeReload (1296ms)
		ReleaseScriptCaches (0ms)
		RebuildScriptCaches (0ms)
		SetupLoadedEditorAssemblies (549ms)
			LogAssemblyErrors (0ms)
			InitializePlatformSupportModulesInManaged (38ms)
			SetLoadedEditorAssemblies (4ms)
			RefreshPlugins (0ms)
			BeforeProcessingInitializeOnLoad (92ms)
			ProcessInitializeOnLoadAttributes (371ms)
			ProcessInitializeOnLoadMethodAttributes (29ms)
			AfterProcessingInitializeOnLoad (15ms)
			EditorAssembliesLoaded (0ms)
		ExecutionOrderSort2 (0ms)
		AwakeInstancesAfterBackupRestoration (11ms)
Refreshing native plugins compatible for Editor in 13.26 ms, found 3 plugins.
Preloading 0 native plugins for Editor in 0.00 ms.
Unloading 3827 Unused Serialized files (Serialized files now loaded: 0)
Unloading 41 unused Assets / (40.3 KB). Loaded Objects now: 4344.
Memory consumption went from 137.5 MB to 137.4 MB.
Total: 6.776600 ms (FindLiveObjects: 0.508500 ms CreateObjectMapping: 0.252800 ms MarkObjects: 5.886500 ms  DeleteObjects: 0.127400 ms)

Prepare: number of updated asset objects reloaded= 0
AssetImportParameters requested are different than current active one (requested -> active):
  custom:container-demuxer-ogg: 62fdf1f143b41e24485cea50d1cbac27 -> 
  custom:video-decoder-ogg-theora: a1e56fd34408186e4bbccfd4996cb3dc -> 
  custom:framework-win-MediaFoundation: 216162199b28c13a410421893ffa2e32 -> 
  custom:CustomObjectIndexerAttribute: 756ad292c208cfabdd7b50bc23989ffe -> 
  custom:container-demuxer-webm: 4f35f7cbe854078d1ac9338744f61a02 -> 
  custom:container-muxer-webm: aa71ff27fc2769a1b78a27578f13a17b -> 
  custom:video-decoder-webm-vp8: 9c59270c3fd7afecdb556c50c9e8de78 -> 
  custom:SearchIndexIgnoredProperties: e643bd26f0fe6173181afceb89e7c659 -> 
  custom:AudioImporter_EditorPlatform: d09bf68614088b80899f8185d706f6e7 -> 
  custom:video-encoder-webm-vp8: eb34c28f22e8b96e1ab97ce403110664 -> 
  custom:audio-decoder-ogg-vorbis: bf7c407c2cedff20999df2af8eb42d56 -> 
  custom:audio-encoder-webm-vorbis: bf7c407c2cedff20999df2af8eb42d56 -> 
========================================================================
Received Import Request.
  Time since last request: 81.945689 seconds.
  path: Assets/GPVFX_POTIONS PACK/Animation Controllers
  artifactKey: Guid(0d9831928dea24e029add11049be8080) Importer(815301076,1909f56bfc062723c751e8b465ee728b)
Start importing Assets/GPVFX_POTIONS PACK/Animation Controllers using Guid(0d9831928dea24e029add11049be8080) Importer(815301076,1909f56bfc062723c751e8b465ee728b)  -> (artifact id: '5520446cc53de710f07e986baa15fddd') in 0.002710 seconds
Number of updated asset objects reloaded before import = 0
Number of asset objects unloaded after import = 0
========================================================================
Received Import Request.
  Time since last request: 1.119854 seconds.
  path: Assets/GPVFX_POTIONS PACK/Animation Controllers/GPVFX_Automaton.controller
  artifactKey: Guid(fb54089fd47fe4912b4d7f4e21ed112f) Importer(815301076,1909f56bfc062723c751e8b465ee728b)
Start importing Assets/GPVFX_POTIONS PACK/Animation Controllers/GPVFX_Automaton.controller using Guid(fb54089fd47fe4912b4d7f4e21ed112f) Importer(815301076,1909f56bfc062723c751e8b465ee728b)  -> (artifact id: 'd65a436ddd6dce6a1538db3df200ccf0') in 0.015611 seconds
Number of updated asset objects reloaded before import = 0
Number of asset objects unloaded after import = 4
========================================================================
Received Import Request.
  Time since last request: 24.793035 seconds.
  path: Assets/Scenes/SampleScene.unity
  artifactKey: Guid(c850ee8c3b14cc8459e7e186857cf567) Importer(815301076,1909f56bfc062723c751e8b465ee728b)
Start importing Assets/Scenes/SampleScene.unity using Guid(c850ee8c3b14cc8459e7e186857cf567) Importer(815301076,1909f56bfc062723c751e8b465ee728b)  -> (artifact id: '9db5d83571cc3b11ff5faabf7c0dec9b') in 0.000742 seconds
Number of updated asset objects reloaded before import = 0
Number of asset objects unloaded after import = 0
========================================================================
Received Prepare
Begin MonoManager ReloadAssembly
Symbol file LoadedFromMemory doesn't match image F:\ST\Unity project\For Pyitochnaya\Magic-Sorting\Library\PackageCache\com.unity.visualscripting@1.8.0\Editor\VisualScripting.Core\Dependencies\YamlDotNet\Unity.VisualScripting.YamlDotNet.dll
Symbol file LoadedFromMemory doesn't match image F:\ST\Unity project\For Pyitochnaya\Magic-Sorting\Library\PackageCache\com.unity.visualscripting@1.8.0\Editor\VisualScripting.Core\Dependencies\DotNetZip\Unity.VisualScripting.IonicZip.dll
- Loaded All Assemblies, in  0.615 seconds
Refreshing native plugins compatible for Editor in 9.34 ms, found 3 plugins.
Native extension for UWP target not found
Native extension for WindowsStandalone target not found
Native extension for Android target not found
Native extension for WebGL target not found
Mono: successfully reloaded assembly
[Package Manager] Server::EnsureServerProcessIsRunning -- launch failed, reason: Unity was launched with the -noUpm command-line argument
[Package Manager] UpmClient::Send -- Unable to send message (not connected to UPM process).
[Package Manager] Cannot connect to Unity Package Manager local server
- Finished resetting the current domain, in  1.267 seconds
Domain Reload Profiling: 1879ms
	BeginReloadAssembly (200ms)
		ExecutionOrderSort (0ms)
		DisableScriptedObjects (8ms)
		BackupInstance (0ms)
		ReleaseScriptingObjects (0ms)
		CreateAndSetChildDomain (43ms)
	RebuildCommonClasses (46ms)
	RebuildNativeTypeToScriptingClass (16ms)
	initialDomainReloadingComplete (43ms)
	LoadAllAssembliesAndSetupDomain (306ms)
		LoadAssemblies (401ms)
		RebuildTransferFunctionScriptingTraits (0ms)
		AnalyzeDomain (19ms)
			TypeCache.Refresh (7ms)
				TypeCache.ScanAssembly (0ms)
			ScanForSourceGeneratedMonoScriptInfo (0ms)
			ResolveRequiredComponents (10ms)
	FinalizeReload (1268ms)
		ReleaseScriptCaches (0ms)
		RebuildScriptCaches (0ms)
		SetupLoadedEditorAssemblies (547ms)
			LogAssemblyErrors (0ms)
			InitializePlatformSupportModulesInManaged (38ms)
			SetLoadedEditorAssemblies (5ms)
			RefreshPlugins (0ms)
			BeforeProcessingInitializeOnLoad (92ms)
			ProcessInitializeOnLoadAttributes (371ms)
			ProcessInitializeOnLoadMethodAttributes (30ms)
			AfterProcessingInitializeOnLoad (12ms)
			EditorAssembliesLoaded (0ms)
		ExecutionOrderSort2 (0ms)
		AwakeInstancesAfterBackupRestoration (9ms)
Refreshing native plugins compatible for Editor in 14.94 ms, found 3 plugins.
Preloading 0 native plugins for Editor in 0.00 ms.
Unloading 3827 Unused Serialized files (Serialized files now loaded: 0)
Unloading 41 unused Assets / (40.4 KB). Loaded Objects now: 4347.
Memory consumption went from 137.5 MB to 137.4 MB.
Total: 7.293400 ms (FindLiveObjects: 0.601300 ms CreateObjectMapping: 0.260700 ms MarkObjects: 6.330800 ms  DeleteObjects: 0.093400 ms)

Prepare: number of updated asset objects reloaded= 0
AssetImportParameters requested are different than current active one (requested -> active):
  custom:container-demuxer-ogg: 62fdf1f143b41e24485cea50d1cbac27 -> 
  custom:video-decoder-ogg-theora: a1e56fd34408186e4bbccfd4996cb3dc -> 
  custom:framework-win-MediaFoundation: 216162199b28c13a410421893ffa2e32 -> 
  custom:CustomObjectIndexerAttribute: 756ad292c208cfabdd7b50bc23989ffe -> 
  custom:container-demuxer-webm: 4f35f7cbe854078d1ac9338744f61a02 -> 
  custom:container-muxer-webm: aa71ff27fc2769a1b78a27578f13a17b -> 
  custom:video-decoder-webm-vp8: 9c59270c3fd7afecdb556c50c9e8de78 -> 
  custom:SearchIndexIgnoredProperties: e643bd26f0fe6173181afceb89e7c659 -> 
  custom:AudioImporter_EditorPlatform: d09bf68614088b80899f8185d706f6e7 -> 
  custom:video-encoder-webm-vp8: eb34c28f22e8b96e1ab97ce403110664 -> 
  custom:audio-decoder-ogg-vorbis: bf7c407c2cedff20999df2af8eb42d56 -> 
  custom:audio-encoder-webm-vorbis: bf7c407c2cedff20999df2af8eb42d56 -> 
========================================================================
Received Import Request.
  Time since last request: 51.086785 seconds.
  path: Assets/3D Models/GPVFX_POTIONS PACK/VFX
  artifactKey: Guid(4f4e0d4b873964d8fa1fddd4f0df7a9a) Importer(815301076,1909f56bfc062723c751e8b465ee728b)
Start importing Assets/3D Models/GPVFX_POTIONS PACK/VFX using Guid(4f4e0d4b873964d8fa1fddd4f0df7a9a) Importer(815301076,1909f56bfc062723c751e8b465ee728b)  -> (artifact id: '7b0512e072f92f91eb1ab08000c20fba') in 0.002468 seconds
Number of updated asset objects reloaded before import = 0
Number of asset objects unloaded after import = 0
========================================================================
Received Import Request.
  Time since last request: 1.135387 seconds.
  path: Assets/3D Models/GPVFX_POTIONS PACK/VFX/VFX PREFABS
  artifactKey: Guid(1410d6fdeb5ff4f55a1565ed77948bde) Importer(815301076,1909f56bfc062723c751e8b465ee728b)
Start importing Assets/3D Models/GPVFX_POTIONS PACK/VFX/VFX PREFABS using Guid(1410d6fdeb5ff4f55a1565ed77948bde) Importer(815301076,1909f56bfc062723c751e8b465ee728b)  -> (artifact id: '14827a2c1bd3c0a95f4eb2d6a68f09fd') in 0.000727 seconds
Number of updated asset objects reloaded before import = 0
Number of asset objects unloaded after import = 0
========================================================================
Received Import Request.
  Time since last request: 0.083033 seconds.
  path: Assets/3D Models/GPVFX_POTIONS PACK/VFX/VFX PREFABS/GPVFX_Glass Shards.prefab
  artifactKey: Guid(7b6c025df1b6346e8bf6938ed2e4c30b) Importer(815301076,1909f56bfc062723c751e8b465ee728b)
Start importing Assets/3D Models/GPVFX_POTIONS PACK/VFX/VFX PREFABS/GPVFX_Glass Shards.prefab using Guid(7b6c025df1b6346e8bf6938ed2e4c30b) Importer(815301076,1909f56bfc062723c751e8b465ee728b)  -> (artifact id: 'bddda7a531ec2e164029150ce8e3c0eb') in 0.386753 seconds
Number of updated asset objects reloaded before import = 0
Number of asset objects unloaded after import = 12
========================================================================
Received Import Request.
  Time since last request: 0.916380 seconds.
  path: Assets/3D Models/GPVFX_POTIONS PACK/VFX/VFX PREFABS/GPVFX_MAGIC PREFABS
  artifactKey: Guid(8389c81682e7a482c832c99c4184d9dc) Importer(815301076,1909f56bfc062723c751e8b465ee728b)
Start importing Assets/3D Models/GPVFX_POTIONS PACK/VFX/VFX PREFABS/GPVFX_MAGIC PREFABS using Guid(8389c81682e7a482c832c99c4184d9dc) Importer(815301076,1909f56bfc062723c751e8b465ee728b)  -> (artifact id: '4bd9c89be0f023c1a1aa3180c24134a0') in 0.000763 seconds
Number of updated asset objects reloaded before import = 0
Number of asset objects unloaded after import = 0
========================================================================
Received Import Request.
  Time since last request: 0.077193 seconds.
  path: Assets/3D Models/GPVFX_POTIONS PACK/VFX/VFX PREFABS/GPVFX_MAGIC PREFABS/GPVFX_Automaton.prefab
  artifactKey: Guid(cab6e1e61524b4af9b6809fb50d5c39f) Importer(815301076,1909f56bfc062723c751e8b465ee728b)
Start importing Assets/3D Models/GPVFX_POTIONS PACK/VFX/VFX PREFABS/GPVFX_MAGIC PREFABS/GPVFX_Automaton.prefab using Guid(cab6e1e61524b4af9b6809fb50d5c39f) Importer(815301076,1909f56bfc062723c751e8b465ee728b)  -> (artifact id: '432345bdf2757228f33ee19db52ad6d5') in 0.156661 seconds
Internal: There are remaining Allocations on the JobTempAlloc. This is a leak, and will impact performance
To Debug, run app with -diag-job-temp-memory-leak-validation cmd line argument. This will output the callstacks of the leaked allocations.
Number of updated asset objects reloaded before import = 0
Number of asset objects unloaded after import = 142
========================================================================
Received Import Request.
  Time since last request: 0.000025 seconds.
  path: Assets/3D Models/GPVFX_POTIONS PACK/VFX/VFX PREFABS/GPVFX_MAGIC PREFABS/GPVFX_Summon.prefab
  artifactKey: Guid(def498310d2064d328ddf82186b83343) Importer(815301076,1909f56bfc062723c751e8b465ee728b)
Start importing Assets/3D Models/GPVFX_POTIONS PACK/VFX/VFX PREFABS/GPVFX_MAGIC PREFABS/GPVFX_Summon.prefab using Guid(def498310d2064d328ddf82186b83343) Importer(815301076,1909f56bfc062723c751e8b465ee728b)  -> (artifact id: '73ef715ee24fdb07870bc5f2f81602df') in 0.070712 seconds
Internal: There are remaining Allocations on the JobTempAlloc. This is a leak, and will impact performance
To Debug, run app with -diag-job-temp-memory-leak-validation cmd line argument. This will output the callstacks of the leaked allocations.
Number of updated asset objects reloaded before import = 0
Number of asset objects unloaded after import = 168
========================================================================
Received Import Request.
  Time since last request: 0.000031 seconds.
  path: Assets/3D Models/GPVFX_POTIONS PACK/VFX/VFX PREFABS/GPVFX_MAGIC PREFABS/GPVFX_Mute.prefab
  artifactKey: Guid(064d3c2e6b38348899015f8d84637762) Importer(815301076,1909f56bfc062723c751e8b465ee728b)
Start importing Assets/3D Models/GPVFX_POTIONS PACK/VFX/VFX PREFABS/GPVFX_MAGIC PREFABS/GPVFX_Mute.prefab using Guid(064d3c2e6b38348899015f8d84637762) Importer(815301076,1909f56bfc062723c751e8b465ee728b)  -> (artifact id: '4f07061213ce4421f1f7c8058403eb61') in 0.091571 seconds
Internal: There are remaining Allocations on the JobTempAlloc. This is a leak, and will impact performance
To Debug, run app with -diag-job-temp-memory-leak-validation cmd line argument. This will output the callstacks of the leaked allocations.
Number of updated asset objects reloaded before import = 0
Number of asset objects unloaded after import = 42
========================================================================
Received Import Request.
  Time since last request: 3.733894 seconds.
  path: Assets/3D Models/GPVFX_POTIONS PACK/VFX/VFX_Materials
  artifactKey: Guid(439f3a154eda14a8789e365facdad9b9) Importer(815301076,1909f56bfc062723c751e8b465ee728b)
Start importing Assets/3D Models/GPVFX_POTIONS PACK/VFX/VFX_Materials using Guid(439f3a154eda14a8789e365facdad9b9) Importer(815301076,1909f56bfc062723c751e8b465ee728b)  -> (artifact id: '3531b6b9d5bf9d488bcf546671243e92') in 0.000698 seconds
Internal: There are remaining Allocations on the JobTempAlloc. This is a leak, and will impact performance
To Debug, run app with -diag-job-temp-memory-leak-validation cmd line argument. This will output the callstacks of the leaked allocations.
Number of updated asset objects reloaded before import = 0
Number of asset objects unloaded after import = 0
========================================================================
Received Import Request.
  Time since last request: 0.056608 seconds.
  path: Assets/3D Models/GPVFX_POTIONS PACK/VFX/VFX_Materials/GPVFX_Caltop B.mat
  artifactKey: Guid(cc346e056b7fe4cb688a419444c41f58) Importer(815301076,1909f56bfc062723c751e8b465ee728b)
Start importing Assets/3D Models/GPVFX_POTIONS PACK/VFX/VFX_Materials/GPVFX_Caltop B.mat using Guid(cc346e056b7fe4cb688a419444c41f58) Importer(815301076,1909f56bfc062723c751e8b465ee728b)  -> (artifact id: 'aa02489b59d1f223a41bc8d6cda670fd') in 0.033612 seconds
Internal: There are remaining Allocations on the JobTempAlloc. This is a leak, and will impact performance
To Debug, run app with -diag-job-temp-memory-leak-validation cmd line argument. This will output the callstacks of the leaked allocations.
Number of updated asset objects reloaded before import = 0
Number of asset objects unloaded after import = 2
========================================================================
Received Import Request.
  Time since last request: 0.003915 seconds.
  path: Assets/3D Models/GPVFX_POTIONS PACK/VFX/VFX_Materials/GPVFX_Dispel Burst.mat
  artifactKey: Guid(2acfe1077df4440ad9e880814460e0f1) Importer(815301076,1909f56bfc062723c751e8b465ee728b)
Start importing Assets/3D Models/GPVFX_POTIONS PACK/VFX/VFX_Materials/GPVFX_Dispel Burst.mat using Guid(2acfe1077df4440ad9e880814460e0f1) Importer(815301076,1909f56bfc062723c751e8b465ee728b)  -> (artifact id: '6367eafd5c3a63012540b93dc1ff0c57') in 0.020850 seconds
Internal: There are remaining Allocations on the JobTempAlloc. This is a leak, and will impact performance
To Debug, run app with -diag-job-temp-memory-leak-validation cmd line argument. This will output the callstacks of the leaked allocations.
Number of updated asset objects reloaded before import = 0
Number of asset objects unloaded after import = 2
========================================================================
Received Import Request.
  Time since last request: 0.000018 seconds.
  path: Assets/3D Models/GPVFX_POTIONS PACK/VFX/VFX_Materials/GPVFX_Mute.mat
  artifactKey: Guid(c16a04df833564486b94aef65c9e5af6) Importer(815301076,1909f56bfc062723c751e8b465ee728b)
Start importing Assets/3D Models/GPVFX_POTIONS PACK/VFX/VFX_Materials/GPVFX_Mute.mat using Guid(c16a04df833564486b94aef65c9e5af6) Importer(815301076,1909f56bfc062723c751e8b465ee728b)  -> (artifact id: '073ebae8a6a648eadf1f32bd5946a9f6') in 0.026781 seconds
Internal: There are remaining Allocations on the JobTempAlloc. This is a leak, and will impact performance
To Debug, run app with -diag-job-temp-memory-leak-validation cmd line argument. This will output the callstacks of the leaked allocations.
Number of updated asset objects reloaded before import = 0
Number of asset objects unloaded after import = 2
========================================================================
Received Import Request.
  Time since last request: 0.000029 seconds.
  path: Assets/3D Models/GPVFX_POTIONS PACK/VFX/VFX_Materials/GPVFX_Dispel Break.mat
  artifactKey: Guid(47a3cb57eda314b4ca16f6d9062a0271) Importer(815301076,1909f56bfc062723c751e8b465ee728b)
Start importing Assets/3D Models/GPVFX_POTIONS PACK/VFX/VFX_Materials/GPVFX_Dispel Break.mat using Guid(47a3cb57eda314b4ca16f6d9062a0271) Importer(815301076,1909f56bfc062723c751e8b465ee728b)  -> (artifact id: '3e42f8079beb93ce64082297517a2b8c') in 0.026959 seconds
Internal: There are remaining Allocations on the JobTempAlloc. This is a leak, and will impact performance
To Debug, run app with -diag-job-temp-memory-leak-validation cmd line argument. This will output the callstacks of the leaked allocations.
Number of updated asset objects reloaded before import = 0
Number of asset objects unloaded after import = 2
========================================================================
Received Import Request.
  Time since last request: 0.000022 seconds.
  path: Assets/3D Models/GPVFX_POTIONS PACK/VFX/VFX_Materials/Potions_Entangle.mat
  artifactKey: Guid(133fb033d9e404e22a1ed2068c9c121a) Importer(815301076,1909f56bfc062723c751e8b465ee728b)
Start importing Assets/3D Models/GPVFX_POTIONS PACK/VFX/VFX_Materials/Potions_Entangle.mat using Guid(133fb033d9e404e22a1ed2068c9c121a) Importer(815301076,1909f56bfc062723c751e8b465ee728b)  -> (artifact id: 'fdf02ce35fc824d630a917408f91bdc1') in 0.020339 seconds
Internal: There are remaining Allocations on the JobTempAlloc. This is a leak, and will impact performance
To Debug, run app with -diag-job-temp-memory-leak-validation cmd line argument. This will output the callstacks of the leaked allocations.
Number of updated asset objects reloaded before import = 0
Number of asset objects unloaded after import = 2
========================================================================
Received Import Request.
  Time since last request: 0.000018 seconds.
  path: Assets/3D Models/GPVFX_POTIONS PACK/VFX/VFX_Materials/Line Nova Circles.mat
  artifactKey: Guid(f0f2ee58df71f4bd18e879813e4263df) Importer(815301076,1909f56bfc062723c751e8b465ee728b)
Start importing Assets/3D Models/GPVFX_POTIONS PACK/VFX/VFX_Materials/Line Nova Circles.mat using Guid(f0f2ee58df71f4bd18e879813e4263df) Importer(815301076,1909f56bfc062723c751e8b465ee728b)  -> (artifact id: 'a576c4ce9660b6cc3d987a8071bef640') in 0.017878 seconds
Internal: There are remaining Allocations on the JobTempAlloc. This is a leak, and will impact performance
To Debug, run app with -diag-job-temp-memory-leak-validation cmd line argument. This will output the callstacks of the leaked allocations.
Number of updated asset objects reloaded before import = 0
Number of asset objects unloaded after import = 2
========================================================================
Received Import Request.
  Time since last request: 0.000018 seconds.
  path: Assets/3D Models/GPVFX_POTIONS PACK/VFX/VFX_Materials/Magic Burst Sparks.mat
  artifactKey: Guid(744f28aa9cf7145e39ac64e152a80814) Importer(815301076,1909f56bfc062723c751e8b465ee728b)
Start importing Assets/3D Models/GPVFX_POTIONS PACK/VFX/VFX_Materials/Magic Burst Sparks.mat using Guid(744f28aa9cf7145e39ac64e152a80814) Importer(815301076,1909f56bfc062723c751e8b465ee728b)  -> (artifact id: 'e673f9bc3ebef7ca6815cd5875922fd7') in 0.018618 seconds
Internal: JobTempAlloc has allocations that are more than the maximum lifespan of 4 frames old - this is not allowed and likely a leak
To Debug, run app with -diag-job-temp-memory-leak-validation cmd line argument. This will output the callstacks of the leaked allocations.
Internal: There are remaining Allocations on the JobTempAlloc. This is a leak, and will impact performance
To Debug, run app with -diag-job-temp-memory-leak-validation cmd line argument. This will output the callstacks of the leaked allocations.
Number of updated asset objects reloaded before import = 0
Number of asset objects unloaded after import = 2
Editor requested this worker to shutdown with reason: Scaling down because of idle timeout
TcpMessagingSession - receive error: operation aborted. errorcode: 995, details: ќпераци€ ввода/вывода была прервана из-за завершени€ потока команд или по запросу приложени€.
AssetImportWorker is now disconnected from the server
Process exiting
Exiting without the bug reporter. Application will terminate with return code 0